#
# There is insufficient memory for the Java Runtime Environment to continue.
# Native memory allocation (malloc) failed to allocate 262160 bytes. Error detail: Chunk::new
# Possible reasons:
#   The system is out of physical RAM or swap space
#   This process is running with CompressedOops enabled, and the Java Heap may be blocking the growth of the native heap
# Possible solutions:
#   Reduce memory load on the system
#   Increase physical memory or swap space
#   Check if swap backing store is full
#   Decrease Java heap size (-Xmx/-Xms)
#   Decrease number of Java threads
#   Decrease Java thread stack sizes (-Xss)
#   Set larger code cache with -XX:ReservedCodeCacheSize=
#   JVM is running with Zero Based Compressed Oops mode in which the Java heap is
#     placed in the first 32GB address space. The Java Heap base address is the
#     maximum limit for the native heap growth. Please use -XX:HeapBaseMinAddress
#     to set the Java Heap base and to place the Java Heap above 32GB virtual address.
# This output file may be truncated or incomplete.
#
#  Out of Memory Error (arena.cpp:168), pid=11916, tid=14376
#
# JRE version: OpenJDK Runtime Environment Microsoft-13877171 (21.0.11+10) (build 21.0.11+10-LTS)
# Java VM: OpenJDK 64-Bit Server VM Microsoft-13877171 (21.0.11+10-LTS, mixed mode, sharing, tiered, compressed oops, compressed class ptrs, g1 gc, windows-amd64)
# No core dump will be written. Minidumps are not enabled by default on client versions of Windows
#

---------------  S U M M A R Y ------------

Command Line: -javaagent:C:\Program Files\JetBrains\IntelliJ IDEA Community Edition 2025.2.5\lib\idea_rt.jar=50365 -Dfile.encoding=UTF-8 -Dsun.stdout.encoding=UTF-8 -Dsun.stderr.encoding=UTF-8 x10.trainup.api.cms.ApiCmsApplication

Host: AMD Ryzen 7 7730U with Radeon Graphics         , 16 cores, 15G,  Windows 11 , 64 bit Build 26100 (10.0.26100.8875)
Time: Fri Jul 24 11:09:09 2026 SE Asia Standard Time elapsed time: 23.894103 seconds (0d 0h 0m 23s)

---------------  T H R E A D  ---------------

Current thread (0x000002caeb7b2070):  JavaThread "C2 CompilerThread1" daemon [_thread_in_native, id=14376, stack(0x000000ecd2400000,0x000000ecd2500000) (1024K)]


Current CompileTask:
C2:23894 5021   !   4       org.springframework.util.ReflectionUtils::doWithMethods (189 bytes)

Stack: [0x000000ecd2400000,0x000000ecd2500000]
Native frames: (J=compiled Java code, j=interpreted, Vv=VM code, C=native code)
V  [jvm.dll+0x6e0429]  (no source info available)
V  [jvm.dll+0x8c057b]  (no source info available)
V  [jvm.dll+0x8c2b0a]  (no source info available)
V  [jvm.dll+0x8c31e3]  (no source info available)
V  [jvm.dll+0x28ac66]  (no source info available)
V  [jvm.dll+0xc91cd]  (no source info available)
V  [jvm.dll+0xc971c]  (no source info available)
V  [jvm.dll+0xc92f5]  (no source info available)
V  [jvm.dll+0x6bdf3c]  (no source info available)
V  [jvm.dll+0x66af1c]  (no source info available)
V  [jvm.dll+0x6709ff]  (no source info available)
V  [jvm.dll+0x671927]  (no source info available)
V  [jvm.dll+0x66fc78]  (no source info available)
V  [jvm.dll+0x2526bb]  (no source info available)
V  [jvm.dll+0x251e6c]  (no source info available)
V  [jvm.dll+0x1d1c5f]  (no source info available)
V  [jvm.dll+0x261bda]  (no source info available)
V  [jvm.dll+0x25ff45]  (no source info available)
V  [jvm.dll+0x4022c5]  (no source info available)
V  [jvm.dll+0x86b2bd]  (no source info available)
V  [jvm.dll+0x6e19dd]  (no source info available)
C  [ucrtbase.dll+0x2cd30]  (no source info available)
C  [KERNEL32.DLL+0x2e957]  (no source info available)
C  [ntdll.dll+0xaad6c]  (no source info available)


---------------  P R O C E S S  ---------------

Threads class SMR info:
_java_thread_list=0x000002caec12eae0, length=15, elements={
0x000002ca83787930, 0x000002caa2fa5240, 0x000002caa2fac9e0, 0x000002caa2fae750,
0x000002caa2faf640, 0x000002caa2fb5b00, 0x000002caa2fb67c0, 0x000002caa3429a00,
0x000002caa342a9f0, 0x000002caa364bea0, 0x000002caa36bd640, 0x000002caa36bdec0,
0x000002caeb7b2070, 0x000002caec2fc010, 0x000002caebf2fc30
}

Java Threads: ( => current thread )
  0x000002ca83787930 JavaThread "main"                              [_thread_blocked, id=36856, stack(0x000000ecd1400000,0x000000ecd1500000) (1024K)]
  0x000002caa2fa5240 JavaThread "Reference Handler"          daemon [_thread_blocked, id=10988, stack(0x000000ecd1c00000,0x000000ecd1d00000) (1024K)]
  0x000002caa2fac9e0 JavaThread "Finalizer"                  daemon [_thread_blocked, id=44652, stack(0x000000ecd1d00000,0x000000ecd1e00000) (1024K)]
  0x000002caa2fae750 JavaThread "Signal Dispatcher"          daemon [_thread_blocked, id=10672, stack(0x000000ecd1e00000,0x000000ecd1f00000) (1024K)]
  0x000002caa2faf640 JavaThread "Attach Listener"            daemon [_thread_blocked, id=2240, stack(0x000000ecd1f00000,0x000000ecd2000000) (1024K)]
  0x000002caa2fb5b00 JavaThread "Service Thread"             daemon [_thread_blocked, id=43520, stack(0x000000ecd2000000,0x000000ecd2100000) (1024K)]
  0x000002caa2fb67c0 JavaThread "Monitor Deflation Thread"   daemon [_thread_blocked, id=8456, stack(0x000000ecd2100000,0x000000ecd2200000) (1024K)]
  0x000002caa3429a00 JavaThread "C2 CompilerThread0"         daemon [_thread_blocked, id=38988, stack(0x000000ecd2200000,0x000000ecd2300000) (1024K)]
  0x000002caa342a9f0 JavaThread "C1 CompilerThread0"         daemon [_thread_blocked, id=45276, stack(0x000000ecd2300000,0x000000ecd2400000) (1024K)]
  0x000002caa364bea0 JavaThread "Common-Cleaner"             daemon [_thread_blocked, id=50840, stack(0x000000ecd2500000,0x000000ecd2600000) (1024K)]
  0x000002caa36bd640 JavaThread "Monitor Ctrl-Break"         daemon [_thread_in_native, id=6480, stack(0x000000ecd2600000,0x000000ecd2700000) (1024K)]
  0x000002caa36bdec0 JavaThread "Notification Thread"        daemon [_thread_blocked, id=38068, stack(0x000000ecd2700000,0x000000ecd2800000) (1024K)]
=>0x000002caeb7b2070 JavaThread "C2 CompilerThread1"         daemon [_thread_in_native, id=14376, stack(0x000000ecd2400000,0x000000ecd2500000) (1024K)]
  0x000002caec2fc010 JavaThread "C2 CompilerThread2"         daemon [_thread_blocked, id=25000, stack(0x000000ecd2900000,0x000000ecd2a00000) (1024K)]
  0x000002caebf2fc30 JavaThread "C2 CompilerThread3"         daemon [_thread_blocked, id=6292, stack(0x000000ecd2f00000,0x000000ecd3000000) (1024K)]
Total: 15

Other Threads:
  0x000002caa2f89b60 VMThread "VM Thread"                           [id=54088, stack(0x000000ecd1b00000,0x000000ecd1c00000) (1024K)]
  0x000002caa2f78a80 WatcherThread "VM Periodic Task Thread"        [id=2748, stack(0x000000ecd1a00000,0x000000ecd1b00000) (1024K)]
  0x000002ca837ee390 WorkerThread "GC Thread#0"                     [id=11636, stack(0x000000ecd1500000,0x000000ecd1600000) (1024K)]
  0x000002cae97fe7a0 WorkerThread "GC Thread#1"                     [id=22536, stack(0x000000ecd2800000,0x000000ecd2900000) (1024K)]
  0x000002cae971fa40 WorkerThread "GC Thread#2"                     [id=16700, stack(0x000000ecd2a00000,0x000000ecd2b00000) (1024K)]
  0x000002cae971fdf0 WorkerThread "GC Thread#3"                     [id=30776, stack(0x000000ecd2b00000,0x000000ecd2c00000) (1024K)]
  0x000002cae9e8e0c0 WorkerThread "GC Thread#4"                     [id=49236, stack(0x000000ecd2c00000,0x000000ecd2d00000) (1024K)]
  0x000002caea2787e0 WorkerThread "GC Thread#5"                     [id=47192, stack(0x000000ecd2d00000,0x000000ecd2e00000) (1024K)]
  0x000002caea278b90 WorkerThread "GC Thread#6"                     [id=49896, stack(0x000000ecd2e00000,0x000000ecd2f00000) (1024K)]
  0x000002caea6dd790 WorkerThread "GC Thread#7"                     [id=42616, stack(0x000000ecd3200000,0x000000ecd3300000) (1024K)]
  0x000002caa36428d0 WorkerThread "GC Thread#8"                     [id=25608, stack(0x000000ecd3300000,0x000000ecd3400000) (1024K)]
  0x000002caeaf0efc0 WorkerThread "GC Thread#9"                     [id=53372, stack(0x000000ecd3400000,0x000000ecd3500000) (1024K)]
  0x000002caeaf0f370 WorkerThread "GC Thread#10"                    [id=31376, stack(0x000000ecd3500000,0x000000ecd3600000) (1024K)]
  0x000002caea37e520 WorkerThread "GC Thread#11"                    [id=46840, stack(0x000000ecd3600000,0x000000ecd3700000) (1024K)]
  0x000002caea6e5730 WorkerThread "GC Thread#12"                    [id=38104, stack(0x000000ecd3700000,0x000000ecd3800000) (1024K)]
  0x000002ca83801720 ConcurrentGCThread "G1 Main Marker"            [id=44916, stack(0x000000ecd1600000,0x000000ecd1700000) (1024K)]
  0x000002ca838028d0 WorkerThread "G1 Conc#0"                       [id=23324, stack(0x000000ecd1700000,0x000000ecd1800000) (1024K)]
  0x000002cae9924ad0 WorkerThread "G1 Conc#1"                       [id=30512, stack(0x000000ecd3800000,0x000000ecd3900000) (1024K)]
  0x000002cae9925690 WorkerThread "G1 Conc#2"                       [id=17860, stack(0x000000ecd3900000,0x000000ecd3a00000) (1024K)]
  0x000002caa2e474e0 ConcurrentGCThread "G1 Refine#0"               [id=34792, stack(0x000000ecd1800000,0x000000ecd1900000) (1024K)]
  0x000002caa2e47e00 ConcurrentGCThread "G1 Service"                [id=47624, stack(0x000000ecd1900000,0x000000ecd1a00000) (1024K)]
Total: 21

Threads with active compile tasks:
C2 CompilerThread1  23933 5021   !   4       org.springframework.util.ReflectionUtils::doWithMethods (189 bytes)
Total: 1

VM state: not at safepoint (normal execution)

VM Mutex/Monitor currently owned by a thread: None

Heap address: 0x0000000709e00000, size: 3938 MB, Compressed Oops mode: Zero based, Oop shift amount: 3

CDS archive(s) mapped at: [0x000002caa4000000-0x000002caa4c80000-0x000002caa4c80000), size 13107200, SharedBaseAddress: 0x000002caa4000000, ArchiveRelocationMode: 1.
Compressed class space mapped at: 0x000002caa5000000-0x000002cae5000000, reserved size: 1073741824
Narrow klass base: 0x000002caa4000000, Narrow klass shift: 0, Narrow klass range: 0x100000000

GC Precious Log:
 CardTable entry size: 512
 Card Set container configuration: InlinePtr #cards 4 size 8 Array Of Cards #cards 16 size 48 Howl #buckets 8 coarsen threshold 3686 Howl Bitmap #cards 512 size 80 coarsen threshold 460 Card regions per heap region 1 cards per card region 4096
 CPUs: 16 total, 16 available
 Memory: 15751M
 Large Page Support: Disabled
 NUMA Support: Disabled
 Compressed Oops: Enabled (Zero based)
 Heap Region Size: 2M
 Heap Min Capacity: 8M
 Heap Initial Capacity: 248M
 Heap Max Capacity: 3938M
 Pre-touch: Disabled
 Parallel Workers: 13
 Concurrent Workers: 3
 Concurrent Refinement Workers: 13
 Periodic GC: Disabled

Heap:
 garbage-first heap   total 71680K, used 24127K [0x0000000709e00000, 0x0000000800000000)
  region size 2048K, 4 young (8192K), 3 survivors (6144K)
 Metaspace       used 35552K, committed 36096K, reserved 1114112K
  class space    used 4631K, committed 4864K, reserved 1048576K

Heap Regions: E=young(eden), S=young(survivor), O=old, HS=humongous(starts), HC=humongous(continues), CS=collection set, F=free, TAMS=top-at-mark-start, PB=parsable bottom
|   0|0x0000000709e00000, 0x000000070a000000, 0x000000070a000000|100%| O|  |TAMS 0x000000070a000000| PB 0x0000000709e00000| Untracked 
|   1|0x000000070a000000, 0x000000070a200000, 0x000000070a200000|100%| O|  |TAMS 0x000000070a200000| PB 0x000000070a000000| Untracked 
|   2|0x000000070a200000, 0x000000070a400000, 0x000000070a400000|100%| O|  |TAMS 0x000000070a400000| PB 0x000000070a200000| Untracked 
|   3|0x000000070a400000, 0x000000070a600000, 0x000000070a600000|100%| O|  |TAMS 0x000000070a600000| PB 0x000000070a400000| Untracked 
|   4|0x000000070a600000, 0x000000070a800000, 0x000000070a800000|100%| O|  |TAMS 0x000000070a800000| PB 0x000000070a800000| Untracked 
|   5|0x000000070a800000, 0x000000070aa00000, 0x000000070aa00000|100%| O|  |TAMS 0x000000070aa00000| PB 0x000000070aa00000| Untracked 
|   6|0x000000070aa00000, 0x000000070ac00000, 0x000000070ac00000|100%| O|  |TAMS 0x000000070ac00000| PB 0x000000070ac00000| Untracked 
|   7|0x000000070ac00000, 0x000000070ae00000, 0x000000070ae00000|100%| O|  |TAMS 0x000000070ae00000| PB 0x000000070ae00000| Untracked 
|   8|0x000000070ae00000, 0x000000070b000000, 0x000000070b000000|100%| O|  |TAMS 0x000000070b000000| PB 0x000000070b000000| Untracked 
|   9|0x000000070b000000, 0x000000070b08dbf0, 0x000000070b200000| 27%| O|  |TAMS 0x000000070b08dbf0| PB 0x000000070b08dbf0| Updating 
|  10|0x000000070b200000, 0x000000070b200000, 0x000000070b400000|  0%| F|  |TAMS 0x000000070b200000| PB 0x000000070b200000| Untracked 
|  11|0x000000070b400000, 0x000000070b400000, 0x000000070b600000|  0%| F|  |TAMS 0x000000070b400000| PB 0x000000070b400000| Untracked 
|  12|0x000000070b600000, 0x000000070b600000, 0x000000070b800000|  0%| F|  |TAMS 0x000000070b600000| PB 0x000000070b600000| Untracked 
|  13|0x000000070b800000, 0x000000070b800000, 0x000000070ba00000|  0%| F|  |TAMS 0x000000070b800000| PB 0x000000070b800000| Untracked 
|  14|0x000000070ba00000, 0x000000070ba00000, 0x000000070bc00000|  0%| F|  |TAMS 0x000000070ba00000| PB 0x000000070ba00000| Untracked 
|  15|0x000000070bc00000, 0x000000070bc00000, 0x000000070be00000|  0%| F|  |TAMS 0x000000070bc00000| PB 0x000000070bc00000| Untracked 
|  16|0x000000070be00000, 0x000000070be00000, 0x000000070c000000|  0%| F|  |TAMS 0x000000070be00000| PB 0x000000070be00000| Untracked 
|  17|0x000000070c000000, 0x000000070c000000, 0x000000070c200000|  0%| F|  |TAMS 0x000000070c000000| PB 0x000000070c000000| Untracked 
|  18|0x000000070c200000, 0x000000070c200000, 0x000000070c400000|  0%| F|  |TAMS 0x000000070c200000| PB 0x000000070c200000| Untracked 
|  19|0x000000070c400000, 0x000000070c400000, 0x000000070c600000|  0%| F|  |TAMS 0x000000070c400000| PB 0x000000070c400000| Untracked 
|  20|0x000000070c600000, 0x000000070c702078, 0x000000070c800000| 50%| S|CS|TAMS 0x000000070c600000| PB 0x000000070c600000| Complete 
|  21|0x000000070c800000, 0x000000070ca00000, 0x000000070ca00000|100%| S|CS|TAMS 0x000000070c800000| PB 0x000000070c800000| Complete 
|  22|0x000000070ca00000, 0x000000070cc00000, 0x000000070cc00000|100%| S|CS|TAMS 0x000000070ca00000| PB 0x000000070ca00000| Complete 
|  23|0x000000070cc00000, 0x000000070cc00000, 0x000000070ce00000|  0%| F|  |TAMS 0x000000070cc00000| PB 0x000000070cc00000| Untracked 
|  24|0x000000070ce00000, 0x000000070ce00000, 0x000000070d000000|  0%| F|  |TAMS 0x000000070ce00000| PB 0x000000070ce00000| Untracked 
|  25|0x000000070d000000, 0x000000070d000000, 0x000000070d200000|  0%| F|  |TAMS 0x000000070d000000| PB 0x000000070d000000| Untracked 
|  26|0x000000070d200000, 0x000000070d200000, 0x000000070d400000|  0%| F|  |TAMS 0x000000070d200000| PB 0x000000070d200000| Untracked 
|  27|0x000000070d400000, 0x000000070d400000, 0x000000070d600000|  0%| F|  |TAMS 0x000000070d400000| PB 0x000000070d400000| Untracked 
|  28|0x000000070d600000, 0x000000070d600000, 0x000000070d800000|  0%| F|  |TAMS 0x000000070d600000| PB 0x000000070d600000| Untracked 
|  29|0x000000070d800000, 0x000000070d800000, 0x000000070da00000|  0%| F|  |TAMS 0x000000070d800000| PB 0x000000070d800000| Untracked 
|  76|0x0000000713600000, 0x0000000713600000, 0x0000000713800000|  0%| F|  |TAMS 0x0000000713600000| PB 0x0000000713600000| Untracked 
|  77|0x0000000713800000, 0x0000000713800000, 0x0000000713a00000|  0%| F|  |TAMS 0x0000000713800000| PB 0x0000000713800000| Untracked 
|  78|0x0000000713a00000, 0x0000000713a00000, 0x0000000713c00000|  0%| F|  |TAMS 0x0000000713a00000| PB 0x0000000713a00000| Untracked 
|  79|0x0000000713c00000, 0x0000000713c00000, 0x0000000713e00000|  0%| F|  |TAMS 0x0000000713c00000| PB 0x0000000713c00000| Untracked 
| 123|0x0000000719400000, 0x0000000719496338, 0x0000000719600000| 29%| E|  |TAMS 0x0000000719400000| PB 0x0000000719400000| Complete 

Card table byte_map: [0x000002ca9bee0000,0x000002ca9c6a0000] _byte_map_base: 0x000002ca98691000

Marking Bits: (CMBitMap*) 0x000002ca837f09b0
 Bits: [0x000002ca9c6a0000, 0x000002caa0428000)

Polling page: 0x000002ca815c0000

Metaspace:

Usage:
  Non-class:     30.20 MB used.
      Class:      4.52 MB used.
       Both:     34.72 MB used.

Virtual space:
  Non-class space:       64.00 MB reserved,      30.50 MB ( 48%) committed,  1 nodes.
      Class space:        1.00 GB reserved,       4.75 MB ( <1%) committed,  1 nodes.
             Both:        1.06 GB reserved,      35.25 MB (  3%) committed. 

Chunk freelists:
   Non-Class:  1.05 MB
       Class:  11.20 MB
        Both:  12.25 MB

MaxMetaspaceSize: unlimited
CompressedClassSpaceSize: 1.00 GB
Initial GC threshold: 21.00 MB
Current GC threshold: 58.75 MB
CDS: on
 - commit_granule_bytes: 65536.
 - commit_granule_words: 8192.
 - virtual_space_node_default_size: 8388608.
 - enlarge_chunks_in_place: 1.
 - use_allocation_guard: 0.


Internal statistics:

num_allocs_failed_limit: 6.
num_arena_births: 592.
num_arena_deaths: 0.
num_vsnodes_births: 2.
num_vsnodes_deaths: 0.
num_space_committed: 564.
num_space_uncommitted: 0.
num_chunks_returned_to_freelist: 6.
num_chunks_taken_from_freelist: 1817.
num_chunk_merges: 0.
num_chunk_splits: 1279.
num_chunks_enlarged: 979.
num_inconsistent_stats: 0.

CodeHeap 'non-profiled nmethods': size=119168Kb used=2776Kb max_used=3076Kb free=116391Kb
 bounds [0x000002ca93a40000, 0x000002ca93d50000, 0x000002ca9aea0000]
CodeHeap 'profiled nmethods': size=119104Kb used=9815Kb max_used=10911Kb free=109288Kb
 bounds [0x000002ca8bea0000, 0x000002ca8c950000, 0x000002ca932f0000]
CodeHeap 'non-nmethods': size=7488Kb used=1393Kb max_used=3126Kb free=6094Kb
 bounds [0x000002ca932f0000, 0x000002ca93610000, 0x000002ca93a40000]
CodeCache: size=245760Kb, used=13984Kb, max_used=17113Kb, free=231773Kb
 total_blobs=5241, nmethods=4689, adapters=456, full_count=0
Compilation: enabled, stopped_count=0, restarted_count=0

Compilation events (20 events):
Event: 20.788 Thread 0x000002caa342a9f0 5097       3       java.nio.CharBuffer::hasArray (20 bytes)
Event: 20.788 Thread 0x000002caa342a9f0 nmethod 5097 0x000002ca8c93a990 code [0x000002ca8c93ab40, 0x000002ca8c93acd8]
Event: 20.788 Thread 0x000002caa342a9f0 5098       3       java.nio.CharBuffer::array (35 bytes)
Event: 20.788 Thread 0x000002caa342a9f0 nmethod 5098 0x000002ca8c93ad90 code [0x000002ca8c93af60, 0x000002ca8c93b230]
Event: 20.788 Thread 0x000002caa342a9f0 5099       1       java.nio.charset.CharsetDecoder::averageCharsPerByte (5 bytes)
Event: 20.788 Thread 0x000002caa342a9f0 nmethod 5099 0x000002ca93d37a10 code [0x000002ca93d37ba0, 0x000002ca93d37c68]
Event: 20.790 Thread 0x000002caa342a9f0 5100       3       sun.nio.cs.UTF_8::updatePositions (23 bytes)
Event: 20.791 Thread 0x000002caa342a9f0 nmethod 5100 0x000002ca8c93b390 code [0x000002ca8c93b580, 0x000002ca8c93b9b8]
Event: 20.820 Thread 0x000002caa342a9f0 5101       3       java.lang.System$2::decodeASCII (11 bytes)
Event: 20.820 Thread 0x000002caa342a9f0 nmethod 5101 0x000002ca8c93bb10 code [0x000002ca8c93bcc0, 0x000002ca8c93be08]
Event: 20.820 Thread 0x000002caa342a9f0 5104       3       sun.nio.cs.UTF_8$Decoder::decodeArrayLoop (688 bytes)
Event: 20.821 Thread 0x000002caa3429a00 nmethod 5090 0x000002ca93d37d10 code [0x000002ca93d37fa0, 0x000002ca93d392f8]
Event: 20.828 Thread 0x000002caa342a9f0 nmethod 5104 0x000002ca8c93bf10 code [0x000002ca8c93c7a0, 0x000002ca8c941778]
Event: 20.828 Thread 0x000002caa342a9f0 5102       3       java.lang.String::decodeASCII (46 bytes)
Event: 20.829 Thread 0x000002caa342a9f0 nmethod 5102 0x000002ca8c942f10 code [0x000002ca8c9430e0, 0x000002ca8c943388]
Event: 20.829 Thread 0x000002caa342a9f0 5103       3       sun.nio.cs.UTF_8$Decoder::decodeLoop (28 bytes)
Event: 20.829 Thread 0x000002caa342a9f0 nmethod 5103 0x000002ca8c943510 code [0x000002ca8c943700, 0x000002ca8c943ad8]
Event: 20.829 Thread 0x000002caa342a9f0 5105       3       sun.nio.cs.UTF_8$Decoder::xflow (31 bytes)
Event: 20.830 Thread 0x000002caa342a9f0 nmethod 5105 0x000002ca8c943c10 code [0x000002ca8c943e00, 0x000002ca8c944358]
Event: 20.854 Thread 0x000002caebf2fc30 5106       4       sun.net.www.protocol.jar.Handler::checkNestedProtocol (18 bytes)

GC Heap History (12 events):
Event: 2.870 GC heap before
{Heap before GC invocations=0 (full 0):
 garbage-first heap   total 253952K, used 22528K [0x0000000709e00000, 0x0000000800000000)
  region size 2048K, 11 young (22528K), 0 survivors (0K)
 Metaspace       used 3106K, committed 3264K, reserved 1114112K
  class space    used 312K, committed 384K, reserved 1048576K
}
Event: 2.880 GC heap after
{Heap after GC invocations=1 (full 0):
 garbage-first heap   total 253952K, used 9265K [0x0000000709e00000, 0x0000000800000000)
  region size 2048K, 2 young (4096K), 2 survivors (4096K)
 Metaspace       used 3106K, committed 3264K, reserved 1114112K
  class space    used 312K, committed 384K, reserved 1048576K
}
Event: 5.796 GC heap before
{Heap before GC invocations=1 (full 0):
 garbage-first heap   total 253952K, used 31793K [0x0000000709e00000, 0x0000000800000000)
  region size 2048K, 14 young (28672K), 2 survivors (4096K)
 Metaspace       used 8608K, committed 8896K, reserved 1114112K
  class space    used 1049K, committed 1152K, reserved 1048576K
}
Event: 5.805 GC heap after
{Heap after GC invocations=2 (full 0):
 garbage-first heap   total 253952K, used 11145K [0x0000000709e00000, 0x0000000800000000)
  region size 2048K, 1 young (2048K), 1 survivors (2048K)
 Metaspace       used 8608K, committed 8896K, reserved 1114112K
  class space    used 1049K, committed 1152K, reserved 1048576K
}
Event: 10.364 GC heap before
{Heap before GC invocations=2 (full 0):
 garbage-first heap   total 253952K, used 97161K [0x0000000709e00000, 0x0000000800000000)
  region size 2048K, 44 young (90112K), 1 survivors (2048K)
 Metaspace       used 21219K, committed 21504K, reserved 1114112K
  class space    used 2688K, committed 2816K, reserved 1048576K
}
Event: 10.379 GC heap after
{Heap after GC invocations=3 (full 0):
 garbage-first heap   total 253952K, used 17070K [0x0000000709e00000, 0x0000000800000000)
  region size 2048K, 4 young (8192K), 4 survivors (8192K)
 Metaspace       used 21219K, committed 21504K, reserved 1114112K
  class space    used 2688K, committed 2816K, reserved 1048576K
}
Event: 12.685 GC heap before
{Heap before GC invocations=4 (full 0):
 garbage-first heap   total 61440K, used 60078K [0x0000000709e00000, 0x0000000800000000)
  region size 2048K, 25 young (51200K), 4 survivors (8192K)
 Metaspace       used 24696K, committed 25024K, reserved 1114112K
  class space    used 3107K, committed 3264K, reserved 1048576K
}
Event: 12.706 GC heap after
{Heap after GC invocations=5 (full 0):
 garbage-first heap   total 71680K, used 19651K [0x0000000709e00000, 0x0000000800000000)
  region size 2048K, 5 young (10240K), 5 survivors (10240K)
 Metaspace       used 24696K, committed 25024K, reserved 1114112K
  class space    used 3107K, committed 3264K, reserved 1048576K
}
Event: 15.321 GC heap before
{Heap before GC invocations=5 (full 0):
 garbage-first heap   total 71680K, used 52419K [0x0000000709e00000, 0x0000000800000000)
  region size 2048K, 21 young (43008K), 5 survivors (10240K)
 Metaspace       used 27536K, committed 27904K, reserved 1114112K
  class space    used 3571K, committed 3712K, reserved 1048576K
}
Event: 15.353 GC heap after
{Heap after GC invocations=6 (full 0):
 garbage-first heap   total 71680K, used 20480K [0x0000000709e00000, 0x0000000800000000)
  region size 2048K, 2 young (4096K), 2 survivors (4096K)
 Metaspace       used 27536K, committed 27904K, reserved 1114112K
  class space    used 3571K, committed 3712K, reserved 1048576K
}
Event: 18.506 GC heap before
{Heap before GC invocations=6 (full 0):
 garbage-first heap   total 71680K, used 55296K [0x0000000709e00000, 0x0000000800000000)
  region size 2048K, 19 young (38912K), 2 survivors (4096K)
 Metaspace       used 31919K, committed 32384K, reserved 1114112K
  class space    used 4119K, committed 4352K, reserved 1048576K
}
Event: 18.524 GC heap after
{Heap after GC invocations=7 (full 0):
 garbage-first heap   total 71680K, used 22499K [0x0000000709e00000, 0x0000000800000000)
  region size 2048K, 2 young (4096K), 2 survivors (4096K)
 Metaspace       used 31919K, committed 32384K, reserved 1114112K
  class space    used 4119K, committed 4352K, reserved 1048576K
}

Dll operation events (11 events):
Event: 0.021 Loaded shared library C:\Users\Admin\.jdks\ms-21.0.11\bin\java.dll
Event: 0.764 Loaded shared library C:\Users\Admin\.jdks\ms-21.0.11\bin\jsvml.dll
Event: 1.308 Loaded shared library C:\Users\Admin\.jdks\ms-21.0.11\bin\zip.dll
Event: 1.315 Loaded shared library C:\Users\Admin\.jdks\ms-21.0.11\bin\instrument.dll
Event: 1.329 Loaded shared library C:\Users\Admin\.jdks\ms-21.0.11\bin\net.dll
Event: 1.333 Loaded shared library C:\Users\Admin\.jdks\ms-21.0.11\bin\nio.dll
Event: 1.348 Loaded shared library C:\Users\Admin\.jdks\ms-21.0.11\bin\zip.dll
Event: 1.908 Loaded shared library C:\Users\Admin\.jdks\ms-21.0.11\bin\extnet.dll
Event: 1.985 Loaded shared library C:\Users\Admin\.jdks\ms-21.0.11\bin\verify.dll
Event: 2.008 Loaded shared library C:\Users\Admin\.jdks\ms-21.0.11\bin\jimage.dll
Event: 10.441 Loaded shared library C:\Users\Admin\.jdks\ms-21.0.11\bin\sunmscapi.dll

Deoptimization events (20 events):
Event: 20.236 Thread 0x000002ca83787930 DEOPT PACKING pc=0x000002ca8c66b28d sp=0x000000ecd14fd470
Event: 20.236 Thread 0x000002ca83787930 DEOPT UNPACKING pc=0x000002ca93344bc2 sp=0x000000ecd14fc960 mode 0
Event: 20.236 Thread 0x000002ca83787930 DEOPT PACKING pc=0x000002ca8c536ee8 sp=0x000000ecd14fd560
Event: 20.236 Thread 0x000002ca83787930 DEOPT UNPACKING pc=0x000002ca93344bc2 sp=0x000000ecd14fca18 mode 0
Event: 20.237 Thread 0x000002ca83787930 DEOPT PACKING pc=0x000002ca8c66b28d sp=0x000000ecd14fd480
Event: 20.237 Thread 0x000002ca83787930 DEOPT UNPACKING pc=0x000002ca93344bc2 sp=0x000000ecd14fc970 mode 0
Event: 20.237 Thread 0x000002ca83787930 DEOPT PACKING pc=0x000002ca8c66b28d sp=0x000000ecd14fd480
Event: 20.237 Thread 0x000002ca83787930 DEOPT UNPACKING pc=0x000002ca93344bc2 sp=0x000000ecd14fc970 mode 0
Event: 20.438 Thread 0x000002ca83787930 DEOPT PACKING pc=0x000002ca8c66b28d sp=0x000000ecd14fdef0
Event: 20.438 Thread 0x000002ca83787930 DEOPT UNPACKING pc=0x000002ca93344bc2 sp=0x000000ecd14fd3e0 mode 0
Event: 20.464 Thread 0x000002ca83787930 DEOPT PACKING pc=0x000002ca8c66b28d sp=0x000000ecd14fe240
Event: 20.464 Thread 0x000002ca83787930 DEOPT UNPACKING pc=0x000002ca93344bc2 sp=0x000000ecd14fd730 mode 0
Event: 20.633 Thread 0x000002ca83787930 DEOPT PACKING pc=0x000002ca8c66b28d sp=0x000000ecd14fe250
Event: 20.633 Thread 0x000002ca83787930 DEOPT UNPACKING pc=0x000002ca93344bc2 sp=0x000000ecd14fd740 mode 0
Event: 20.649 Thread 0x000002ca83787930 DEOPT PACKING pc=0x000002ca8c66b28d sp=0x000000ecd14fdc50
Event: 20.649 Thread 0x000002ca83787930 DEOPT UNPACKING pc=0x000002ca93344bc2 sp=0x000000ecd14fd140 mode 0
Event: 20.665 Thread 0x000002ca83787930 DEOPT PACKING pc=0x000002ca8c66b28d sp=0x000000ecd14fdd90
Event: 20.665 Thread 0x000002ca83787930 DEOPT UNPACKING pc=0x000002ca93344bc2 sp=0x000000ecd14fd280 mode 0
Event: 20.665 Thread 0x000002ca83787930 DEOPT PACKING pc=0x000002ca8c66b28d sp=0x000000ecd14fdd90
Event: 20.665 Thread 0x000002ca83787930 DEOPT UNPACKING pc=0x000002ca93344bc2 sp=0x000000ecd14fd280 mode 0

Classes loaded (20 events):
Event: 20.702 Loading class java/beans/PropertyChangeSupport
Event: 20.703 Loading class java/beans/PropertyChangeSupport done
Event: 20.703 Loading class java/beans/PropertyChangeSupport$PropertyChangeListenerMap
Event: 20.704 Loading class java/beans/ChangeListenerMap
Event: 20.704 Loading class java/beans/ChangeListenerMap done
Event: 20.704 Loading class java/beans/PropertyChangeSupport$PropertyChangeListenerMap done
Event: 20.704 Loading class java/beans/PropertyChangeListener
Event: 20.704 Loading class java/beans/PropertyChangeListener done
Event: 20.749 Loading class java/beans/PropertyChangeEvent
Event: 20.750 Loading class java/beans/PropertyChangeEvent done
Event: 20.765 Loading class javax/management/ObjectName
Event: 20.766 Loading class javax/management/QueryExp
Event: 20.766 Loading class javax/management/QueryExp done
Event: 20.766 Loading class javax/management/ObjectName done
Event: 20.778 Loading class java/nio/charset/UnsupportedCharsetException
Event: 20.779 Loading class java/nio/charset/UnsupportedCharsetException done
Event: 20.783 Loading class java/nio/BufferUnderflowException
Event: 20.783 Loading class java/nio/BufferUnderflowException done
Event: 20.809 Loading class java/io/FileReader
Event: 20.810 Loading class java/io/FileReader done

Classes unloaded (0 events):
No events

Classes redefined (0 events):
No events

Internal exceptions (20 events):
Event: 18.320 Thread 0x000002ca83787930 Exception <a 'java/lang/IncompatibleClassChangeError'{0x000000070c23bfb8}: Found class java.lang.Object, but interface was expected> (0x000000070c23bfb8) 
thrown [s\src\hotspot\share\interpreter\linkResolver.cpp, line 840]
Event: 18.323 Thread 0x000002ca83787930 Exception <a 'java/lang/IncompatibleClassChangeError'{0x000000070c243648}: Found class java.lang.Object, but interface was expected> (0x000000070c243648) 
thrown [s\src\hotspot\share\interpreter\linkResolver.cpp, line 840]
Event: 18.417 Thread 0x000002ca83787930 Exception <a 'java/lang/NoSuchMethodError'{0x000000070c3212f8}: 'void java.lang.invoke.DirectMethodHandle$Holder.invokeVirtual(java.lang.Object, java.lang.Object, int)'> (0x000000070c3212f8) 
thrown [s\src\hotspot\share\interpreter\linkResolver.cpp, line 773]
Event: 18.419 Thread 0x000002ca83787930 Exception <a 'java/lang/NoSuchMethodError'{0x000000070c3251e8}: 'int java.lang.invoke.DirectMethodHandle$Holder.invokeSpecial(java.lang.Object, java.lang.Object, java.lang.Object, int)'> (0x000000070c3251e8) 
thrown [s\src\hotspot\share\interpreter\linkResolver.cpp, line 773]
Event: 18.422 Thread 0x000002ca83787930 Exception <a 'java/lang/NoSuchMethodError'{0x000000070c337000}: 'java.lang.Object java.lang.invoke.DirectMethodHandle$Holder.invokeStatic(java.lang.Object, java.lang.Object, java.lang.Object, java.lang.Object, int)'> (0x000000070c337000) 
thrown [s\src\hotspot\share\interpreter\linkResolver.cpp, line 773]
Event: 18.424 Thread 0x000002ca83787930 Exception <a 'java/lang/NoSuchMethodError'{0x000000070c341728}: 'void java.lang.invoke.DelegatingMethodHandle$Holder.reinvoke_L(java.lang.Object, java.lang.Object, int)'> (0x000000070c341728) 
thrown [s\src\hotspot\share\interpreter\linkResolver.cpp, line 773]
Event: 18.584 Thread 0x000002ca83787930 Exception <a 'java/lang/IncompatibleClassChangeError'{0x000000071945e988}: Found class java.lang.Object, but interface was expected> (0x000000071945e988) 
thrown [s\src\hotspot\share\interpreter\linkResolver.cpp, line 840]
Event: 19.853 Thread 0x000002ca83787930 Exception <a 'java/lang/NoSuchMethodError'{0x0000000713b7ad68}: 'int java.lang.invoke.DirectMethodHandle$Holder.invokeSpecialIFC(java.lang.Object, java.lang.Object, java.lang.Object)'> (0x0000000713b7ad68) 
thrown [s\src\hotspot\share\interpreter\linkResolver.cpp, line 773]
Event: 19.885 Thread 0x000002ca83787930 Exception <a 'java/lang/NoSuchMethodError'{0x0000000713bf6040}: 'java.lang.Object java.lang.invoke.DirectMethodHandle$Holder.invokeVirtual(java.lang.Object, java.lang.Object, java.lang.Object, java.lang.Object, java.lang.Object)'> (0x0000000713bf6040) 
thrown [s\src\hotspot\share\interpreter\linkResolver.cpp, line 773]
Event: 20.084 Thread 0x000002ca83787930 Exception <a 'java/lang/NoSuchMethodError'{0x0000000713782098}: 'java.lang.Object java.lang.invoke.DirectMethodHandle$Holder.invokeVirtual(java.lang.Object, java.lang.Object, java.lang.Object, java.lang.Object, java.lang.Object, java.lang.Object)'> (0x0000000713782098) 
thrown [s\src\hotspot\share\interpreter\linkResolver.cpp, line 773]
Event: 20.139 Thread 0x000002ca83787930 Exception <a 'java/lang/NoSuchMethodError'{0x000000070d867aa0}: 'void java.lang.invoke.DirectMethodHandle$Holder.invokeSpecial(java.lang.Object, java.lang.Object, java.lang.Object, java.lang.Object, java.lang.Object, java.lang.Object, java.lang.Object)'> (0x000000070d867aa0) 
thrown [s\src\hotspot\share\interpreter\linkResolver.cpp, line 773]
Event: 20.202 Thread 0x000002ca83787930 Exception <a 'java/lang/NoSuchMethodError'{0x000000070d973f70}: 'void java.lang.invoke.DirectMethodHandle$Holder.invokeInterface(java.lang.Object, java.lang.Object, int)'> (0x000000070d973f70) 
thrown [s\src\hotspot\share\interpreter\linkResolver.cpp, line 773]
Event: 20.211 Thread 0x000002ca83787930 Exception <a 'java/lang/IncompatibleClassChangeError'{0x000000070d9b6cd8}: Found class java.lang.Object, but interface was expected> (0x000000070d9b6cd8) 
thrown [s\src\hotspot\share\interpreter\linkResolver.cpp, line 840]
Event: 20.216 Thread 0x000002ca83787930 Exception <a 'java/lang/NoSuchMethodError'{0x000000070d9d4788}: 'void java.lang.invoke.DirectMethodHandle$Holder.invokeStatic(java.lang.Object, int, java.lang.Object)'> (0x000000070d9d4788) 
thrown [s\src\hotspot\share\interpreter\linkResolver.cpp, line 773]
Event: 20.278 Thread 0x000002ca83787930 Exception <a 'java/lang/NoSuchMethodError'{0x000000070d68b7c8}: 'void java.lang.invoke.DirectMethodHandle$Holder.invokeStatic(java.lang.Object, java.lang.Object, java.lang.Object, int, java.lang.Object)'> (0x000000070d68b7c8) 
thrown [s\src\hotspot\share\interpreter\linkResolver.cpp, line 773]
Event: 20.279 Thread 0x000002ca83787930 Exception <a 'java/lang/NoSuchMethodError'{0x000000070d692068}: 'java.lang.Object java.lang.invoke.DirectMethodHandle$Holder.newInvokeSpecial(java.lang.Object, java.lang.Object, java.lang.Object, int)'> (0x000000070d692068) 
thrown [s\src\hotspot\share\interpreter\linkResolver.cpp, line 773]
Event: 20.279 Thread 0x000002ca83787930 Exception <a 'java/lang/NoSuchMethodError'{0x000000070d695ed8}: 'java.lang.Object java.lang.invoke.DirectMethodHandle$Holder.invokeSpecial(java.lang.Object, java.lang.Object, java.lang.Object, java.lang.Object, int)'> (0x000000070d695ed8) 
thrown [s\src\hotspot\share\interpreter\linkResolver.cpp, line 773]
Event: 20.280 Thread 0x000002ca83787930 Exception <a 'java/lang/NoSuchMethodError'{0x000000070d699370}: 'java.lang.Object java.lang.invoke.Invokers$Holder.linkToTargetMethod(java.lang.Object, java.lang.Object, int, java.lang.Object)'> (0x000000070d699370) 
thrown [s\src\hotspot\share\interpreter\linkResolver.cpp, line 773]
Event: 20.492 Thread 0x000002ca83787930 Exception <a 'java/lang/NoSuchMethodError'{0x000000070d0925e8}: 'java.lang.Object java.lang.invoke.DirectMethodHandle$Holder.invokeStaticInit(java.lang.Object, int, int, int, int)'> (0x000000070d0925e8) 
thrown [s\src\hotspot\share\interpreter\linkResolver.cpp, line 773]
Event: 20.617 Thread 0x000002ca83787930 Exception <a 'java/lang/NoSuchMethodError'{0x000000070d1564e8}: 'java.lang.Object java.lang.invoke.DirectMethodHandle$Holder.invokeStaticInit(java.lang.Object, java.lang.Object, int, int, int, int)'> (0x000000070d1564e8) 
thrown [s\src\hotspot\share\interpreter\linkResolver.cpp, line 773]

ZGC Phase Switch (0 events):
No events

VM Operations (20 events):
Event: 16.694 Executing non-safepoint VM operation: HandshakeAllThreads (Deoptimize)
Event: 16.694 Executing non-safepoint VM operation: HandshakeAllThreads (Deoptimize) done
Event: 17.611 Executing non-safepoint VM operation: HandshakeAllThreads (Deoptimize)
Event: 17.611 Executing non-safepoint VM operation: HandshakeAllThreads (Deoptimize) done
Event: 17.710 Executing non-safepoint VM operation: HandshakeAllThreads (Deoptimize)
Event: 17.710 Executing non-safepoint VM operation: HandshakeAllThreads (Deoptimize) done
Event: 17.710 Executing safepoint VM operation: Cleanup
Event: 17.710 Executing safepoint VM operation: Cleanup done
Event: 17.720 Executing non-safepoint VM operation: HandshakeAllThreads (Deoptimize)
Event: 17.720 Executing non-safepoint VM operation: HandshakeAllThreads (Deoptimize) done
Event: 18.506 Executing safepoint VM operation: G1CollectForAllocation (G1 Evacuation Pause)
Event: 18.524 Executing safepoint VM operation: G1CollectForAllocation (G1 Evacuation Pause) done
Event: 18.528 Executing non-safepoint VM operation: HandshakeAllThreads (Deoptimize)
Event: 18.528 Executing non-safepoint VM operation: HandshakeAllThreads (Deoptimize) done
Event: 19.534 Executing safepoint VM operation: Cleanup
Event: 19.534 Executing safepoint VM operation: Cleanup done
Event: 20.540 Executing safepoint VM operation: Cleanup
Event: 20.540 Executing safepoint VM operation: Cleanup done
Event: 21.540 Executing safepoint VM operation: Cleanup
Event: 21.540 Executing safepoint VM operation: Cleanup done

Memory protections (0 events):
No events

Nmethod flushes (0 events):
No events

Events (20 events):
Event: 13.708 Thread 0x000002caa36617e0 Thread exited: 0x000002caa36617e0
Event: 13.983 Thread 0x000002caa342a9f0 Thread added: 0x000002caea947c50
Event: 14.240 Thread 0x000002caa342a9f0 Thread added: 0x000002caeb7b2070
Event: 14.262 Thread 0x000002caa342a9f0 Thread added: 0x000002cae9ace520
Event: 14.262 Thread 0x000002caa342a9f0 Thread added: 0x000002cae9acebd0
Event: 14.833 Thread 0x000002caea947c50 Thread exited: 0x000002caea947c50
Event: 15.475 Thread 0x000002caa3429a00 Thread added: 0x000002caea66b030
Event: 15.603 Thread 0x000002caea66b030 Thread exited: 0x000002caea66b030
Event: 16.216 Thread 0x000002caa3429a00 Thread added: 0x000002caeb38a5e0
Event: 16.726 Thread 0x000002caeb38a5e0 Thread exited: 0x000002caeb38a5e0
Event: 16.953 Thread 0x000002cae9ace520 Thread added: 0x000002caeaabc890
Event: 17.674 Thread 0x000002caeaabc890 Thread exited: 0x000002caeaabc890
Event: 17.870 Thread 0x000002caeb7b2070 Thread added: 0x000002caec2fc010
Event: 18.076 Thread 0x000002caec2fc010 Thread exited: 0x000002caec2fc010
Event: 19.735 Thread 0x000002cae9acebd0 Thread exited: 0x000002cae9acebd0
Event: 19.735 Thread 0x000002cae9ace520 Thread exited: 0x000002cae9ace520
Event: 19.735 Thread 0x000002caeb7b2070 Thread exited: 0x000002caeb7b2070
Event: 19.880 Thread 0x000002caa342a9f0 Thread added: 0x000002caeb7b2070
Event: 20.063 Thread 0x000002caa342a9f0 Thread added: 0x000002caec2fc010
Event: 20.104 Thread 0x000002caa342a9f0 Thread added: 0x000002caebf2fc30


Dynamic libraries:
0x00007ff7c6590000 - 0x00007ff7c659e000 	C:\Users\Admin\.jdks\ms-21.0.11\bin\java.exe
0x00007ffacfe80000 - 0x00007ffad00e6000 	C:\Windows\SYSTEM32\ntdll.dll
0x00007fface3e0000 - 0x00007fface4a9000 	C:\Windows\System32\KERNEL32.DLL
0x00007ffacd590000 - 0x00007ffacd98e000 	C:\Windows\System32\KERNELBASE.dll
0x00007ffacda50000 - 0x00007ffacdb9c000 	C:\Windows\System32\ucrtbase.dll
0x00007ffab22c0000 - 0x00007ffab22d8000 	C:\Users\Admin\.jdks\ms-21.0.11\bin\jli.dll
0x00007ffabf520000 - 0x00007ffabf53e000 	C:\Users\Admin\.jdks\ms-21.0.11\bin\VCRUNTIME140.dll
0x00007ffacee40000 - 0x00007ffacf007000 	C:\Windows\System32\USER32.dll
0x00007ffabcc50000 - 0x00007ffabcee2000 	C:\Windows\WinSxS\amd64_microsoft.windows.common-controls_6595b64144ccf1df_6.0.26100.8875_none_3e0d5d42e32fe9dd\COMCTL32.dll
0x00007ffacd2e0000 - 0x00007ffacd307000 	C:\Windows\System32\win32u.dll
0x00007fface860000 - 0x00007fface909000 	C:\Windows\System32\msvcrt.dll
0x00007ffacdcf0000 - 0x00007ffacdd1b000 	C:\Windows\System32\GDI32.dll
0x00007ffacd3a0000 - 0x00007ffacd4ca000 	C:\Windows\System32\gdi32full.dll
0x00007ffacd9a0000 - 0x00007ffacda43000 	C:\Windows\System32\msvcp_win.dll
0x00007ffacf030000 - 0x00007ffacf062000 	C:\Windows\System32\IMM32.DLL
0x00007ffaafc50000 - 0x00007ffaafc5c000 	C:\Users\Admin\.jdks\ms-21.0.11\bin\vcruntime140_1.dll
0x00007ffa87820000 - 0x00007ffa878a9000 	C:\Users\Admin\.jdks\ms-21.0.11\bin\msvcp140.dll
0x00007ffa0a960000 - 0x00007ffa0b70e000 	C:\Users\Admin\.jdks\ms-21.0.11\bin\server\jvm.dll
0x00007ffacea40000 - 0x00007ffaceaf7000 	C:\Windows\System32\ADVAPI32.dll
0x00007ffacdc40000 - 0x00007ffacdcea000 	C:\Windows\System32\sechost.dll
0x00007fface910000 - 0x00007ffacea28000 	C:\Windows\System32\RPCRT4.dll
0x00007ffacdbb0000 - 0x00007ffacdc30000 	C:\Windows\System32\WS2_32.dll
0x00007ffaccf20000 - 0x00007ffaccf7e000 	C:\Windows\SYSTEM32\POWRPROF.dll
0x00007ffac4c20000 - 0x00007ffac4c56000 	C:\Windows\SYSTEM32\WINMM.dll
0x00007ffac6440000 - 0x00007ffac644b000 	C:\Windows\SYSTEM32\VERSION.dll
0x00007ffaccee0000 - 0x00007ffaccef4000 	C:\Windows\SYSTEM32\UMPDC.dll
0x00007ffacbd20000 - 0x00007ffacbd3b000 	C:\Windows\SYSTEM32\kernel.appcore.dll
0x00007ffaaf9b0000 - 0x00007ffaaf9ba000 	C:\Users\Admin\.jdks\ms-21.0.11\bin\jimage.dll
0x00007ffac1b30000 - 0x00007ffac1d72000 	C:\Windows\SYSTEM32\DBGHELP.DLL
0x00007fface4d0000 - 0x00007fface853000 	C:\Windows\System32\combase.dll
0x00007ffacf8d0000 - 0x00007ffacf9a9000 	C:\Windows\System32\OLEAUT32.dll
0x00007ffab1720000 - 0x00007ffab175b000 	C:\Windows\SYSTEM32\dbgcore.DLL
0x00007ffacd0a0000 - 0x00007ffacd14c000 	C:\Windows\System32\bcryptPrimitives.dll
0x00007ffaae980000 - 0x00007ffaae990000 	C:\Users\Admin\.jdks\ms-21.0.11\bin\instrument.dll
0x00007ffa9afc0000 - 0x00007ffa9afe1000 	C:\Users\Admin\.jdks\ms-21.0.11\bin\java.dll
0x00007ffacf130000 - 0x00007ffacf8c2000 	C:\Windows\System32\SHELL32.dll
0x00007ffacab10000 - 0x00007ffacb3a2000 	C:\Windows\SYSTEM32\windows.storage.dll
0x00007ffacfa20000 - 0x00007ffacfb17000 	C:\Windows\System32\SHCORE.dll
0x00007ffacf9b0000 - 0x00007ffacfa17000 	C:\Windows\System32\shlwapi.dll
0x00007ffaccfc0000 - 0x00007ffaccfe9000 	C:\Windows\SYSTEM32\profapi.dll
0x00007ffa86130000 - 0x00007ffa86206000 	C:\Users\Admin\.jdks\ms-21.0.11\bin\jsvml.dll
0x00007ffa983b0000 - 0x00007ffa983c8000 	C:\Users\Admin\.jdks\ms-21.0.11\bin\zip.dll
0x00007ffaae760000 - 0x00007ffaae771000 	C:\Users\Admin\.jdks\ms-21.0.11\bin\net.dll
0x00007ffac74c0000 - 0x00007ffac75e7000 	C:\Windows\SYSTEM32\WINHTTP.dll
0x00007ffacc330000 - 0x00007ffacc39c000 	C:\Windows\system32\mswsock.dll
0x00007ffa9b180000 - 0x00007ffa9b196000 	C:\Users\Admin\.jdks\ms-21.0.11\bin\nio.dll
0x00007ffaadbf0000 - 0x00007ffaadbf9000 	C:\Users\Admin\.jdks\ms-21.0.11\bin\extnet.dll
0x00007ffa9f750000 - 0x00007ffa9f760000 	C:\Users\Admin\.jdks\ms-21.0.11\bin\verify.dll
0x00007ffaae670000 - 0x00007ffaae67e000 	C:\Users\Admin\.jdks\ms-21.0.11\bin\sunmscapi.dll
0x00007ffacd160000 - 0x00007ffacd2d8000 	C:\Windows\System32\CRYPT32.dll
0x00007ffacc870000 - 0x00007ffacc8a0000 	C:\Windows\SYSTEM32\ncrypt.dll
0x00007ffacc820000 - 0x00007ffacc85f000 	C:\Windows\SYSTEM32\NTASN1.dll
0x00007ffacc630000 - 0x00007ffacc64b000 	C:\Windows\SYSTEM32\CRYPTSP.dll
0x00007ffacbce0000 - 0x00007ffacbd19000 	C:\Windows\system32\rsaenh.dll
0x00007ffacc3f0000 - 0x00007ffacc422000 	C:\Windows\SYSTEM32\USERENV.dll
0x00007ffaccf90000 - 0x00007ffaccfba000 	C:\Windows\SYSTEM32\bcrypt.dll
0x00007ffacc650000 - 0x00007ffacc65c000 	C:\Windows\SYSTEM32\CRYPTBASE.dll
0x00007ffacb700000 - 0x00007ffacb733000 	C:\Windows\SYSTEM32\IPHLPAPI.DLL
0x00007fface3a0000 - 0x00007fface3aa000 	C:\Windows\System32\NSI.dll

JVMTI agents:
C:\Program Files\JetBrains\IntelliJ IDEA Community Edition 2025.2.5\lib\idea_rt.jar path:C:\Users\Admin\.jdks\ms-21.0.11\bin\instrument.dll, loaded, initialized, instrumentlib options:50365

dbghelp: loaded successfully - version: 4.0.5 - missing functions: none
symbol engine: initialized successfully - sym options: 0x614 - pdb path: .;C:\Users\Admin\.jdks\ms-21.0.11\bin;C:\Windows\SYSTEM32;C:\Windows\WinSxS\amd64_microsoft.windows.common-controls_6595b64144ccf1df_6.0.26100.8875_none_3e0d5d42e32fe9dd;C:\Users\Admin\.jdks\ms-21.0.11\bin\server

VM Arguments:
jvm_args: -javaagent:C:\Program Files\JetBrains\IntelliJ IDEA Community Edition 2025.2.5\lib\idea_rt.jar=50365 -Dfile.encoding=UTF-8 -Dsun.stdout.encoding=UTF-8 -Dsun.stderr.encoding=UTF-8 
java_command: x10.trainup.api.cms.ApiCmsApplication
java_class_path (initial): D:\ThuongMaiDienTu\BE_TrainUp\api-cms-service\target\classes;D:\ThuongMaiDienTu\BE_TrainUp\core-address-infrastructure\target\classes;D:\ThuongMaiDienTu\BE_TrainUp\commons\target\classes;C:\Users\Admin\.m2\repository\com\fasterxml\jackson\core\jackson-databind\2.18.4\jackson-databind-2.18.4.jar;C:\Users\Admin\.m2\repository\com\fasterxml\jackson\core\jackson-core\2.18.4.1\jackson-core-2.18.4.1.jar;C:\Users\Admin\.m2\repository\org\springframework\spring-context\6.2.9\spring-context-6.2.9.jar;C:\Users\Admin\.m2\repository\org\springframework\spring-aop\6.2.9\spring-aop-6.2.9.jar;C:\Users\Admin\.m2\repository\org\springframework\spring-beans\6.2.9\spring-beans-6.2.9.jar;C:\Users\Admin\.m2\repository\org\springframework\spring-expression\6.2.9\spring-expression-6.2.9.jar;C:\Users\Admin\.m2\repository\io\micrometer\micrometer-observation\1.14.9\micrometer-observation-1.14.9.jar;C:\Users\Admin\.m2\repository\io\micrometer\micrometer-commons\1.14.9\micrometer-commons-1.14.9.jar;D:\ThuongMaiDienTu\BE_TrainUp\core-address-module\target\classes;C:\Users\Admin\.m2\repository\com\fasterxml\jackson\core\jackson-annotations\2.18.4\jackson-annotations-2.18.4.jar;D:\ThuongMaiDienTu\BE_TrainUp\core-order-infrastructure-module\target\classes;D:\ThuongMaiDienTu\BE_TrainUp\core-order-module\target\classes;D:\ThuongMaiDienTu\BE_TrainUp\core-coupon-module\target\classes;D:\ThuongMaiDienTu\BE_TrainUp\core-loyalty-module\target\classes;C:\Users\Admin\.m2\repository\jakarta\validation\jakarta.validation-api\3.0.2\jakarta.validation-api-3.0.2.jar;D:\ThuongMaiDienTu\BE_TrainUp\core-shop-infrastructure-module\target\classes;D:\ThuongMaiDienTu\BE_TrainUp\core-shop-module\target\classes;C:\Users\Admin\.m2\repository\org\slf4j\slf4j-api\2.0.17\slf4j-api-2.0.17.jar;D:\ThuongMaiDienTu\BE_TrainUp\core-product-infrastructure\target\classes;D:\ThuongMaiDienTu\BE_TrainUp\core-coupon-infrastructure-module\target\classes;D:\ThuongMaiDienTu\BE_TrainUp\core-product-module\target\classes;C:\Users\Admin\.m2\repository\org\springframework\spring-tx\6.2.9\spring-tx-6.2.9.jar;D:\ThuongMaiDienTu\BE_TrainUp\core-category-infrastructure-module\target\classes;C:\Users\Admin\.m2\repository\com\google\firebase\firebase-admin\9.2.0\firebase-admin-9.2.0.jar;C:\Users\Admin\.m2\repository\com\google\api-client\google-api-client\2.2.0\google-api-client-2.2.0.jar;C:\Users\Admin\.m2\repository\commons-codec\commons-codec\1.17.2\commons-codec-1.17.2.jar;C:\Users\Admin\.m2\repository\com\google\oauth-client\google-oauth-client\1.34.1\google-oauth-client-1.34.1.jar;C:\Users\Admin\.m2\repository\com\google\http-client\google-http-client-gson\1.42.3\google-http-client-gson-1.42.3.jar;C:\Users\Admin\.m2\repository\com\google\http-client\google-http-client-apache-v2\1.42.3\google-http-client-apache-v2-1.42.3.jar;C:\Users\Admin\.m2\repository\org\apache\httpcomponents\httpcore\4.4.16\httpcore-4.4.16.jar;C:\Users\Admin\.m2\repository\org\apache\httpcomponents\httpclient\4.5.14\httpclient-4.5.14.jar;C:\Users\Admin\.m2\repository\com\google\api-client\google-api-client-gson\2.2.0\google-api-client-gson-2.2.0.jar;C:\Users\Admin\.m2\repository\com\google\http-client\google-http-client\1.43.1\google-http-client-1.43.1.jar;C:\Users\Admin\.m2\repository\com\google\code\findbugs\jsr305\3.0.2\jsr305-3.0.2.jar;C:\Users\Admin\.m2\repository\com\google\errorprone\error_prone_annotations\2.18.0\error_prone_annotations-2.18.0.jar;C:\Users\Admin\.m2\repository\com\google\j2objc\j2objc-annotations\1.3\j2objc-annotations-1.3.jar;C:\Users\Admin\.m2\repository\io\opencensus\opencensus-api\0.31.1\opencensus-api-0.31.1.jar;C:\Users\Admin\.m2\repository\io\opencensus\opencensus-contrib-http-util\0.31.1\opencensus-contrib-http-util-0.31.1.jar;C:\Users\Admin\.m2\repository\com\google\api\api-common\2.12.0\api-common-2.12.0.jar;C:\Users\Admin\.m2\repository\com\google\auto\value\auto-value-annotations\1.10.1\auto-value-annotations-1.10.1.jar;C:\Users\Admin\.m2\repository\javax\annotation\javax.annotation-api\1.3.2\javax.annotation-api-1.3.2.jar;C:\Users\Admin\.m2\repository\com\google\auth\google-auth-library-oauth2-http\1.17.0\google-auth-library-oauth2-http-1.17.0.jar;C:\Users\Admin\.m2\repository\com\google\auth\google-auth-library-credentials\1.17.0\google-auth-library-credentials-1.17.0.jar;C:\Users\Admin\.m2\repository\com\google\cloud\google-cloud-storage\2.22.4\google-cloud-storage-2.22.4.jar;C:\Users\Admin\.m2\repository\com\google\guava\failureaccess\1.0.1\failureaccess-1.0.1.jar;C:\Users\Admin\.m2\repository\com\google\guava\listenablefuture\9999.0-empty-to-avoid-conflict-with-guava\listenablefuture-9999.0-empty-to-avoid-conflict-with-guava.jar;C:\Users\Admin\.m2\repository\com\google\http-client\google-http-client-jackson2\1.43.1\google-http-client-jackson2-1.43.1.jar;C:\Users\Admin\.m2\repository\com\google\apis\google-api-services-storage\v1-rev20230301-2.0.0\google-api-services-storage-v1-rev20230301-2.0.0.jar;C:\Users\Admin\.m2\repository\com\google\code\gson\gson\2.11.0\gson-2.11.0.jar;C:\Users\Admin\.m2\repository\com\google\cloud\google-cloud-core\2.19.0\google-cloud-core-2.19.0.jar;C:\Users\Admin\.m2\repository\com\google\cloud\google-cloud-core-http\2.19.0\google-cloud-core-http-2.19.0.jar;C:\Users\Admin\.m2\repository\com\google\http-client\google-http-client-appengine\1.43.1\google-http-client-appengine-1.43.1.jar;C:\Users\Admin\.m2\repository\com\google\api\gax-httpjson\0.114.0\gax-httpjson-0.114.0.jar;C:\Users\Admin\.m2\repository\com\google\cloud\google-cloud-core-grpc\2.19.0\google-cloud-core-grpc-2.19.0.jar;C:\Users\Admin\.m2\repository\com\google\api\gax\2.29.0\gax-2.29.0.jar;C:\Users\Admin\.m2\repository\com\google\api\gax-grpc\2.29.0\gax-grpc-2.29.0.jar;C:\Users\Admin\.m2\repository\io\grpc\grpc-alts\1.55.1\grpc-alts-1.55.1.jar;C:\Users\Admin\.m2\repository\io\grpc\grpc-grpclb\1.55.1\grpc-grpclb-1.55.1.jar;C:\Users\Admin\.m2\repository\org\conscrypt\conscrypt-openjdk-uber\2.5.2\conscrypt-openjdk-uber-2.5.2.jar;C:\Users\Admin\.m2\repository\io\grpc\grpc-auth\1.55.1\grpc-auth-1.55.1.jar;C:\Users\Admin\.m2\repository\io\grpc\grpc-protobuf\1.55.1\grpc-protobuf-1.55.1.jar;C:\Users\Admin\.m2\repository\io\grpc\grpc-protobuf-lite\1.55.1\grpc-protobuf-lite-1.55.1.jar;C:\Users\Admin\.m2\repository\io\grpc\grpc-context\1.55.1\grpc-context-1.55.1.jar;C:\Users\Admin\.m2\repository\com\google\api\grpc\proto-google-iam-v1\1.15.0\proto-google-iam-v1-1.15.0.jar;C:\Users\Admin\.m2\repository\com\google\protobuf\protobuf-java\3.23.2\protobuf-java-3.23.2.jar;C:\Users\Admin\.m2\repository\com\google\protobuf\protobuf-java-util\3.23.2\protobuf-java-util-3.23.2.jar;C:\Users\Admin\.m2\repository\com\google\api\grpc\proto-google-common-protos\2.20.0\proto-google-common-protos-2.20.0.jar;C:\Users\Admin\.m2\repository\org\threeten\threetenbp\1.6.8\threetenbp-1.6.8.jar;C:\Users\Admin\.m2\repository\com\google\api\grpc\proto-google-cloud-storage-v2\2.22.4-alpha\proto-google-cloud-storage-v2-2.22.4-alpha.jar;C:\Users\Admin\.m2\repository\com\google\api\grpc\grpc-google-cloud-storage-v2\2.22.4-alpha\grpc-google-cloud-storage-v2-2.22.4-alpha.jar;C:\Users\Admin\.m2\repository\com\google\api\grpc\gapic-google-cloud-storage-v2\2.22.4-alpha\gapic-google-cloud-storage-v2-2.22.4-alpha.jar;C:\Users\Admin\.m2\repository\io\grpc\grpc-api\1.55.1\grpc-api-1.55.1.jar;C:\Users\Admin\.m2\repository\io\grpc\grpc-netty-shaded\1.55.1\grpc-netty-shaded-1.55.1.jar;C:\Users\Admin\.m2\repository\io\perfmark\perfmark-api\0.26.0\perfmark-api-0.26.0.jar;C:\Users\Admin\.m2\repository\io\grpc\grpc-core\1.55.1\grpc-core-1.55.1.jar;C:\Users\Admin\.m2\repository\com\google\android\annotations\4.1.1.4\annotations-4.1.1.4.jar;C:\Users\Admin\.m2\repository\org\codehaus\mojo\animal-sniffer-annotations\1.23\animal-sniffer-annotations-1.23.jar;C:\Users\Admin\.m2\repository\io\grpc\grpc-stub\1.55.1\grpc-stub-1.55.1.jar;C:\Users\Admin\.m2\repository\io\grpc\grpc-googleapis\1.55.1\grpc-googleapis-1.55.1.jar;C:\Users\Admin\.m2\repository\org\checkerframework\checker-qual\3.32.0\checker-qual-3.32.0.jar;C:\Users\Admin\.m2\repository\io\grpc\grpc-xds\1.55.1\grpc-xds-1.55.1.jar;C:\Users\Admin\.m2\repository\io\opencensus\opencensus-proto\0.2.0\opencensus-proto-0.2.0.jar;C:\Users\Admin\.m2\repository\io\grpc\grpc-services\1.55.1\grpc-services-1.55.1.jar;C:\Users\Admin\.m2\repository\com\google\re2j\re2j\1.6\re2j-1.6.jar;C:\Users\Admin\.m2\repository\io\grpc\grpc-rls\1.55.1\grpc-rls-1.55.1.jar;C:\Users\Admin\.m2\repository\com\google\cloud\google-cloud-firestore\3.13.0\google-cloud-firestore-3.13.0.jar;C:\Users\Admin\.m2\repository\commons-logging\commons-logging\1.2\commons-logging-1.2.jar;C:\Users\Admin\.m2\repository\com\google\api\grpc\proto-google-cloud-firestore-v1\3.13.0\proto-google-cloud-firestore-v1-3.13.0.jar;C:\Users\Admin\.m2\repository\com\google\cloud\proto-google-cloud-firestore-bundle-v1\3.13.0\proto-google-cloud-firestore-bundle-v1-3.13.0.jar;C:\Users\Admin\.m2\repository\io\opencensus\opencensus-contrib-grpc-util\0.31.1\opencensus-contrib-grpc-util-0.31.1.jar;C:\Users\Admin\.m2\repository\com\google\guava\guava\31.1-jre\guava-31.1-jre.jar;C:\Users\Admin\.m2\repository\io\netty\netty-codec-http\4.1.123.Final\netty-codec-http-4.1.123.Final.jar;C:\Users\Admin\.m2\repository\io\netty\netty-common\4.1.123.Final\netty-common-4.1.123.Final.jar;C:\Users\Admin\.m2\repository\io\netty\netty-buffer\4.1.123.Final\netty-buffer-4.1.123.Final.jar;C:\Users\Admin\.m2\repository\io\netty\netty-codec\4.1.123.Final\netty-codec-4.1.123.Final.jar;C:\Users\Admin\.m2\repository\io\netty\netty-handler\4.1.123.Final\netty-handler-4.1.123.Final.jar;C:\Users\Admin\.m2\repository\io\netty\netty-resolver\4.1.123.Final\netty-resolver-4.1.123.Final.jar;C:\Users\Admin\.m2\repository\io\netty\netty-transport-native-unix-common\4.1.123.Final\netty-transport-native-unix-common-4.1.123.Final.jar;C:\Users\Admin\.m2\repository\io\netty\netty-transport\4.1.123.Final\netty-transport-4.1.123.Final.jar;C:\Users\Admin\.m2\repository\org\springframework\boot\spring-boot-starter-web\3.4.8\spring-boot-starter-web-3.4.8.jar;C:\Users\Admin\.m2\repository\org\springframework\boot\spring-boot-starter\3.4.8\spring-boot-starter-3.4.8.jar;C:\Users\Admin\.m2\repository\org\springframework\boot\spring-boot\3.4.8\spring-boot-3.4.8.jar;C:\Users\Admin\.m2\repository\org\springframework\boot\spring-boot-autoconfigure\3.4.8\spring-boot-autoconfigure-3.4.8.jar;C:\Users\Admin\.m2\repository\org\springframework\boot\spring-boot-starter-logging\3.4.8\spring-boot-starter-logging-3.4.8.jar;C:\Users\Admin\.m2\repository\ch\qos\logback\logback-classic\1.5.18\logback-classic-1.5.18.jar;C:\Users\Admin\.m2\repository\ch\qos\logback\logback-core\1.5.18\logback-core-1.5.18.jar;C:\Users\Admin\.m2\repository\org\apache\logging\log4j\log4j-to-slf4j\2.24.3\log4j-to-slf4j-2.24.3.jar;C:\Users\Admin\.m2\repository\org\apache\logging\log4j\log4j-api\2.24.3\log4j-api-2.24.3.jar;C:\Users\Admin\.m2\repository\org\slf4j\jul-to-slf4j\2.0.17\jul-to-slf4j-2.0.17.jar;C:\Users\Admin\.m2\repository\org\yaml\snakeyaml\2.3\snakeyaml-2.3.jar;C:\Users\Admin\.m2\repository\org\springframework\boot\spring-boot-starter-json\3.4.8\spring-boot-starter-json-3.4.8.jar;C:\Users\Admin\.m2\repository\com\fasterxml\jackson\datatype\jackson-datatype-jdk8\2.18.4\jackson-datatype-jdk8-2.18.4.jar;C:\Users\Admin\.m2\repository\com\fasterxml\jackson\datatype\jackson-datatype-jsr310\2.18.4\jackson-datatype-jsr310-2.18.4.jar;C:\Users\Admin\.m2\repository\com\fasterxml\jackson\module\jackson-module-parameter-names\2.18.4\jackson-module-parameter-names-2.18.4.jar;C:\Users\Admin\.m2\repository\org\springframework\boot\spring-boot-starter-tomcat\3.4.8\spring-boot-starter-tomcat-3.4.8.jar;C:\Users\Admin\.m2\repository\org\apache\tomcat\embed\tomcat-embed-core\10.1.43\tomcat-embed-core-10.1.43.jar;C:\Users\Admin\.m2\repository\org\apache\tomcat\embed\tomcat-embed-websocket\10.1.43\tomcat-embed-websocket-10.1.43.jar;C:\Users\Admin\.m2\repository\org\springframework\spring-web\6.2.9\spring-web-6.2.9.jar;C:\Users\Admin\.m2\repository\org\springframework\spring-webmvc\6.2.9\spring-webmvc-6.2.9.jar;C:\Users\Admin\.m2\repository\jakarta\xml\bind\jakarta.xml.bind-api\4.0.2\jakarta.xml.bind-api-4.0.2.jar;C:\Users\Admin\.m2\repository\jakarta\activation\jakarta.activation-api\2.1.3\jakarta.activation-api-2.1.3.jar;C:\Users\Admin\.m2\repository\org\springframework\spring-core\6.2.9\spring-core-6.2.9.jar;C:\Users\Admin\.m2\repository\org\springframework\spring-jcl\6.2.9\spring-jcl-6.2.9.jar;C:\Users\Admin\.m2\repository\org\springframework\boot\spring-boot-starter-thymeleaf\3.4.8\spring-boot-starter-thymeleaf-3.4.8.jar;C:\Users\Admin\.m2\repository\org\thymeleaf\thymeleaf-spring6\3.1.3.RELEASE\thymeleaf-spring6-3.1.3.RELEASE.jar;C:\Users\Admin\.m2\repository\org\thymeleaf\thymeleaf\3.1.3.RELEASE\thymeleaf-3.1.3.RELEASE.jar;C:\Users\Admin\.m2\repository\org\attoparser\attoparser\2.0.7.RELEASE\attoparser-2.0.7.RELEASE.jar;C:\Users\Admin\.m2\repository\org\unbescape\unbescape\1.1.6.RELEASE\unbescape-1.1.6.RELEASE.jar;D:\ThuongMaiDienTu\BE_TrainUp\core-user-module\target\classes;D:\ThuongMaiDienTu\BE_TrainUp\core-mailbox-module\target\classes;D:\ThuongMaiDienTu\BE_TrainUp\core-mailbox-infrastructure\target\classes;D:\ThuongMaiDienTu\BE_TrainUp\core-auth-infrastructure-module\target\classes;C:\Users\Admin\.m2\repository\io\lettuce\lettuce-core\6.4.2.RELEASE\lettuce-core-6.4.2.RELEASE.jar;C:\Users\Admin\.m2\repository\io\projectreactor\reactor-core\3.7.8\reactor-core-3.7.8.jar;C:\Users\Admin\.m2\repository\org\reactivestreams\reactive-streams\1.0.4\reactive-streams-1.0.4.jar;C:\Users\Admin\.m2\repository\org\springframework\boot\spring-boot-starter-mail\3.4.8\spring-boot-starter-mail-3.4.8.jar;C:\Users\Admin\.m2\repository\org\springframework\spring-context-support\6.2.9\spring-context-support-6.2.9.jar;C:\Users\Admin\.m2\repository\org\eclipse\angus\jakarta.mail\2.0.3\jakarta.mail-2.0.3.jar;C:\Users\Admin\.m2\repository\org\eclipse\angus\angus-activation\2.0.2\angus-activation-2.0.2.jar;D:\ThuongMaiDienTu\BE_TrainUp\core-auth-module\target\classes;C:\Users\Admin\.m2\repository\io\jsonwebtoken\jjwt-api\0.11.5\jjwt-api-0.11.5.jar;C:\Users\Admin\.m2\repository\io\jsonwebtoken\jjwt-impl\0.11.5\jjwt-impl-0.11.5.jar;C:\Users\Admin\.m2\repository\io\jsonwebtoken\jjwt-jackson\0.11.5\jjwt-jackson-0.11.5.jar;D:\ThuongMaiDienTu\BE_TrainUp\core-user-infrastructure-module\target\classes;C:\Users\Admin\.m2\repository\org\mapstruct\mapstruct\1.5.5.Final\mapstruct-1.5.5.Final.jar;C:\Users\Admin\.m2\repository\org\springframework\boot\spring-boot-starter-data-mongodb\3.4.8\spring-boot-starter-data-mongodb-3.4.8.jar;C:\Users\Admin\.m2\repository\org\mongodb\mongodb-driver-sync\5.2.1\mongodb-driver-sync-5.2.1.jar;C:\Users\Admin\.m2\repository\org\mongodb\bson\5.2.1\bson-5.2.1.jar;C:\Users\Admin\.m2\repository\org\mongodb\mongodb-driver-core\5.2.1\mongodb-driver-core-5.2.1.jar;C:\Users\Admin\.m2\repository\org\mongodb\bson-record-codec\5.2.1\bson-record-codec-5.2.1.jar;C:\Users\Admin\.m2\repository\org\springframework\data\spring-data-mongodb\4.4.8\spring-data-mongodb-4.4.8.jar;C:\Users\Admin\.m2\repository\org\springframework\boot\spring-boot-starter-validation\3.4.8\spring-boot-starter-validation-3.4.8.jar;C:\Users\Admin\.m2\repository\org\apache\tomcat\embed\tomcat-embed-el\10.1.43\tomcat-embed-el-10.1.43.jar;C:\Users\Admin\.m2\repository\org\hibernate\validator\hibernate-validator\8.0.2.Final\hibernate-validator-8.0.2.Final.jar;C:\Users\Admin\.m2\repository\org\jboss\logging\jboss-logging\3.6.1.Final\jboss-logging-3.6.1.Final.jar;C:\Users\Admin\.m2\repository\com\fasterxml\classmate\1.7.0\classmate-1.7.0.jar;C:\Users\Admin\.m2\repository\org\springframework\boot\spring-boot-starter-data-redis\3.4.8\spring-boot-starter-data-redis-3.4.8.jar;C:\Users\Admin\.m2\repository\org\springframework\data\spring-data-redis\3.4.8\spring-data-redis-3.4.8.jar;C:\Users\Admin\.m2\repository\org\springframework\data\spring-data-keyvalue\3.4.8\spring-data-keyvalue-3.4.8.jar;C:\Users\Admin\.m2\repository\org\springframework\spring-oxm\6.2.9\spring-oxm-6.2.9.jar;D:\ThuongMaiDienTu\BE_TrainUp\core-media-module\target\classes;C:\Users\Admin\.m2\repository\software\amazon\awssdk\apache-client\2.20.26\apache-client-2.20.26.jar;C:\Users\Admin\.m2\repository\software\amazon\awssdk\http-client-spi\2.20.26\http-client-spi-2.20.26.jar;C:\Users\Admin\.m2\repository\software\amazon\awssdk\metrics-spi\2.20.26\metrics-spi-2.20.26.jar;C:\Users\Admin\.m2\repository\software\amazon\awssdk\utils\2.20.26\utils-2.20.26.jar;C:\Users\Admin\.m2\repository\software\amazon\awssdk\annotations\2.20.26\annotations-2.20.26.jar;C:\Users\Admin\.m2\repository\software\amazon\awssdk\s3\2.20.26\s3-2.20.26.jar;C:\Users\Admin\.m2\repository\software\amazon\awssdk\aws-xml-protocol\2.20.26\aws-xml-protocol-2.20.26.jar;C:\Users\Admin\.m2\repository\software\amazon\awssdk\aws-query-protocol\2.20.26\aws-query-protocol-2.20.26.jar;C:\Users\Admin\.m2\repository\software\amazon\awssdk\protocol-core\2.20.26\protocol-core-2.20.26.jar;C:\Users\Admin\.m2\repository\software\amazon\awssdk\arns\2.20.26\arns-2.20.26.jar;C:\Users\Admin\.m2\repository\software\amazon\awssdk\profiles\2.20.26\profiles-2.20.26.jar;C:\Users\Admin\.m2\repository\software\amazon\awssdk\sdk-core\2.20.26\sdk-core-2.20.26.jar;C:\Users\Admin\.m2\repository\software\amazon\awssdk\auth\2.20.26\auth-2.20.26.jar;C:\Users\Admin\.m2\repository\software\amazon\eventstream\eventstream\1.0.1\eventstream-1.0.1.jar;C:\Users\Admin\.m2\repository\software\amazon\awssdk\regions\2.20.26\regions-2.20.26.jar;C:\Users\Admin\.m2\repository\software\amazon\awssdk\aws-core\2.20.26\aws-core-2.20.26.jar;C:\Users\Admin\.m2\repository\software\amazon\awssdk\json-utils\2.20.26\json-utils-2.20.26.jar;C:\Users\Admin\.m2\repository\software\amazon\awssdk\third-party-jackson-core\2.20.26\third-party-jackson-core-2.20.26.jar;C:\Users\Admin\.m2\repository\software\amazon\awssdk\endpoints-spi\2.20.26\endpoints-spi-2.20.26.jar;C:\Users\Admin\.m2\repository\software\amazon\awssdk\netty-nio-client\2.20.26\netty-nio-client-2.20.26.jar;C:\Users\Admin\.m2\repository\io\netty\netty-codec-http2\4.1.123.Final\netty-codec-http2-4.1.123.Final.jar;C:\Users\Admin\.m2\repository\io\netty\netty-transport-classes-epoll\4.1.123.Final\netty-transport-classes-epoll-4.1.123.Final.jar;D:\ThuongMaiDienTu\BE_TrainUp\core-media-infra-module\target\classes;D:\ThuongMaiDienTu\BE_TrainUp\core-category-module\target\classes;D:\ThuongMaiDienTu\BE_TrainUp\core-review-module\target\classes;C:\Users\Admin\.m2\repository\jakarta\annotation\jakarta.annotation-api\2.1.1\jakarta.annotation-api-2.1.1.jar;C:\Users\Admin\.m2\repository\org\springframework\data\spring-data-commons\3.4.8\spring-data-commons-3.4.8.jar;D:\ThuongMaiDienTu\BE_TrainUp\core-review-infrastructure-module\target\classes;D:\ThuongMaiDienTu\BE_TrainUp\core-security-module\target\classes;C:\Users\Admin\.m2\repository\org\springframework\boot\spring-boot-starter-security\3.4.8\spring-boot-starter-security-3.4.8.jar;C:\Users\Admin\.m2\repository\org\springframework\security\spring-security-config\6.4.8\spring-security-config-6.4.8.jar;C:\Users\Admin\.m2\repository\org\springframework\security\spring-security-core\6.4.8\spring-security-core-6.4.8.jar;C:\Users\Admin\.m2\repository\org\springframework\security\spring-security-web\6.4.8\spring-security-web-6.4.8.jar;C:\Users\Admin\.m2\repository\org\springframework\security\spring-security-crypto\6.4.8\spring-security-crypto-6.4.8.jar
Launcher Type: SUN_STANDARD

[Global flags]
     intx CICompilerCount                          = 12                                        {product} {ergonomic}
     uint ConcGCThreads                            = 3                                         {product} {ergonomic}
     uint G1ConcRefinementThreads                  = 13                                        {product} {ergonomic}
   size_t G1HeapRegionSize                         = 2097152                                   {product} {ergonomic}
    uintx GCDrainStackTargetSize                   = 64                                        {product} {ergonomic}
   size_t InitialHeapSize                          = 260046848                                 {product} {ergonomic}
   size_t MarkStackSize                            = 4194304                                   {product} {ergonomic}
   size_t MaxHeapSize                              = 4129292288                                {product} {ergonomic}
   size_t MaxNewSize                               = 2476736512                                {product} {ergonomic}
   size_t MinHeapDeltaBytes                        = 2097152                                   {product} {ergonomic}
   size_t MinHeapSize                              = 8388608                                   {product} {ergonomic}
    uintx NonNMethodCodeHeapSize                   = 7602480                                {pd product} {ergonomic}
    uintx NonProfiledCodeHeapSize                  = 122027880                              {pd product} {ergonomic}
    uintx ProfiledCodeHeapSize                     = 122027880                              {pd product} {ergonomic}
    uintx ReservedCodeCacheSize                    = 251658240                              {pd product} {ergonomic}
     bool SegmentedCodeCache                       = true                                      {product} {ergonomic}
   size_t SoftMaxHeapSize                          = 4129292288                             {manageable} {ergonomic}
     bool UseCompressedOops                        = true                           {product lp64_product} {ergonomic}
     bool UseG1GC                                  = true                                      {product} {ergonomic}
     bool UseLargePagesIndividualAllocation        = false                                  {pd product} {ergonomic}

Logging:
Log output configuration:
 #0: stdout all=warning uptime,level,tags foldmultilines=false
 #1: stderr all=off uptime,level,tags foldmultilines=false

Release file:
IMPLEMENTOR="Microsoft" 
IMPLEMENTOR_VERSION="Microsoft-13877171" 
JAVA_RUNTIME_VERSION="21.0.11+10-LTS" 
JAVA_VERSION="21.0.11" 
JAVA_VERSION_DATE="2026-04-21" 
LIBC="default" 
MODULES="java.base java.compiler java.datatransfer java.xml java.prefs java.desktop java.instrument java.logging java.management java.security.sasl java.naming java.rmi java.management.rmi java.net.http java.scripting java.security.jgss java.transaction.xa java.sql java.sql.rowset java.xml.crypto java.se java.smartcardio jdk.accessibility jdk.internal.jvmstat jdk.attach jdk.charsets jdk.internal.opt jdk.zipfs jdk.compiler jdk.crypto.ec jdk.crypto.cryptoki jdk.crypto.mscapi jdk.dynalink jdk.internal.ed jdk.editpad jdk.hotspot.agent jdk.httpserver jdk.incubator.vector jdk.internal.le jdk.internal.vm.ci jdk.internal.vm.compiler jdk.internal.vm.compiler.management jdk.jartool jdk.javadoc jdk.jcmd jdk.management jdk.management.agent jdk.jconsole jdk.jdeps jdk.jdwp.agent jdk.jdi jdk.jfr jdk.jlink jdk.jpackage jdk.jshell jdk.jsobject jdk.jstatd jdk.localedata jdk.management.jfr jdk.naming.dns jdk.naming.rmi jdk.net jdk.nio.mapmode jdk.random jdk.sctp jdk.security.auth jdk.security.jgss jdk.unsupported jdk.unsupported.desktop jdk.xml.dom" 
OS_ARCH="x86_64" 
OS_NAME="Windows" 
SOURCE=".:git:87e312d67249" 

Environment Variables:
JAVA_HOME=C:\Users\Admin\.jdks\ms-21.0.11
PATH=C:\Windows\system32;C:\Windows;C:\Windows\System32\Wbem;C:\Windows\System32\WindowsPowerShell\v1.0\;C:\Windows\System32\OpenSSH\;C:\Program Files\dotnet\;C:\Program Files\Git\cmd;C:\Program Files\Docker\Docker\resources\bin;C:\Program Files\nodejs\;C:\Program Files\Microsoft SQL Server\150\Tools\Binn\;C:\Program Files\Microsoft SQL Server\Client SDK\ODBC\170\Tools\Binn\;C:\Program Files (x86)\Microsoft SQL Server\160\Tools\Binn\;C:\Program Files\Microsoft SQL Server\160\Tools\Binn\;C:\Program Files\Microsoft SQL Server\160\DTS\Binn\;C:\Program Files\Microsoft SQL Server\170\DTS\Binn\;C:\Program Files\Go\bin;C:\Users\Admin\AppData\Local\Microsoft\WindowsApps;C:\Users\Admin\AppData\Local\Programs\Microsoft VS Code\bin;C:\Users\Admin\Downloads\mongosh-2.5.8-win32-x64\mongosh-2.5.8-win32-x64\bin;C:\Users\Admin\AppData\Roaming\npm;C:\Users\Admin\.dotnet\tools;C:\Users\Admin\go\bin;C:\Users\Admin\.jdks\ms-21.0.11\bin;C:\Users\Admin\AppData\Local\Programs\Antigravity IDE\bin
USERNAME=Admin
OS=Windows_NT
PROCESSOR_IDENTIFIER=AMD64 Family 25 Model 80 Stepping 0, AuthenticAMD
TMP=C:\Users\Admin\AppData\Local\Temp
TEMP=C:\Users\Admin\AppData\Local\Temp




Periodic native trim disabled

---------------  S Y S T E M  ---------------

OS:
 Windows 11 , 64 bit Build 26100 (10.0.26100.8875)
OS uptime: 8 days 4:49 hours
Hyper-V role detected

CPU: total 16 (initial active 16) (16 cores per cpu, 2 threads per core) family 25 model 80 stepping 0 microcode 0xa50000d, cx8, cmov, fxsr, ht, mmx, 3dnowpref, sse, sse2, sse3, ssse3, sse4a, sse4.1, sse4.2, popcnt, lzcnt, tsc, tscinvbit, avx, avx2, aes, erms, clmul, bmi1, bmi2, adx, sha, fma, vzeroupper, clflush, clflushopt, hv, rdtscp, rdpid, fsrm, f16c, cet_ss
Processor Information for the first 16 processors :
  Max Mhz: 2000, Current Mhz: 2000, Mhz Limit: 2000

Memory: 4k page, system-wide physical 15751M (906M free)
TotalPageFile size 57370M (AvailPageFile size 45M)
current process WorkingSet (physical memory assigned to process): 212M, peak: 227M
current process commit charge ("private bytes"): 264M, peak: 405M

vm_info: OpenJDK 64-Bit Server VM (21.0.11+10-LTS) for windows-amd64 JRE (21.0.11+10-LTS), built on 2026-04-18T18:13:49Z by "MicrosoftCorporation" with MS VC++ 17.14 (VS2022)

END.
